<?xml version="1.0" encoding="utf-8"?><testsuites name="pytest tests"><testsuite name="pytest" errors="0" failures="0" skipped="0" tests="13" time="1.889" timestamp="2026-06-22T03:11:43.455060+00:00" hostname="agent-env-9bdfa1a4-cff7-488f-81d0-2be2d666244b"><testcase classname="backend.tests.test_gospel_roots_api" name="test_root_health" time="0.178" /><testcase classname="backend.tests.test_gospel_roots_api" name="test_create_quote_success" time="0.052" /><testcase classname="backend.tests.test_gospel_roots_api" name="test_create_quote_minimal_fields" time="0.047" /><testcase classname="backend.tests.test_gospel_roots_api" name="test_create_quote_invalid_email" time="0.048" /><testcase classname="backend.tests.test_gospel_roots_api" name="test_create_quote_missing_required" time="0.043" /><testcase classname="backend.tests.test_gospel_roots_api" name="test_auth_login_success" time="0.272" /><testcase classname="backend.tests.test_gospel_roots_api" name="test_auth_login_invalid" time="0.050" /><testcase classname="backend.tests.test_gospel_roots_api" name="test_auth_me_without_token" time="0.154" /><testcase classname="backend.tests.test_gospel_roots_api" name="test_auth_me_with_token" time="0.373" /><testcase classname="backend.tests.test_gospel_roots_api" name="test_list_quotes_requires_auth" time="0.152" /><testcase classname="backend.tests.test_gospel_roots_api" name="test_list_quotes_with_admin" time="0.054" /><testcase classname="backend.tests.test_gospel_roots_api" name="test_delete_quote_requires_auth" time="0.143" /><testcase classname="backend.tests.test_gospel_roots_api" name="test_delete_quote_with_admin_and_cleanup" time="0.223" /></testsuite></testsuites>