<?xml version="1.0" encoding="utf-8"?><testsuites name="pytest tests"><testsuite name="pytest" errors="0" failures="0" skipped="0" tests="7" time="0.743" timestamp="2026-06-22T02:46:13.928086+00:00" hostname="agent-env-9bdfa1a4-cff7-488f-81d0-2be2d666244b"><testcase classname="backend.tests.test_gospel_roots_api" name="test_root_health" time="0.240" /><testcase classname="backend.tests.test_gospel_roots_api" name="test_create_quote_success" time="0.049" /><testcase classname="backend.tests.test_gospel_roots_api" name="test_create_quote_minimal_fields" time="0.042" /><testcase classname="backend.tests.test_gospel_roots_api" name="test_create_quote_invalid_email" time="0.047" /><testcase classname="backend.tests.test_gospel_roots_api" name="test_create_quote_missing_required" time="0.043" /><testcase classname="backend.tests.test_gospel_roots_api" name="test_create_quote_missing_message" time="0.043" /><testcase classname="backend.tests.test_gospel_roots_api" name="test_list_quotes_contains_created" time="0.053" /></testsuite></testsuites>